running egg_info
creating ../../build/martha/martha.egg-info
writing ../../build/martha/martha.egg-info/PKG-INFO
writing dependency_links to ../../build/martha/martha.egg-info/dependency_links.txt
writing entry points to ../../build/martha/martha.egg-info/entry_points.txt
writing requirements to ../../build/martha/martha.egg-info/requires.txt
writing top-level names to ../../build/martha/martha.egg-info/top_level.txt
writing manifest file '../../build/martha/martha.egg-info/SOURCES.txt'
reading manifest file '../../build/martha/martha.egg-info/SOURCES.txt'
writing manifest file '../../build/martha/martha.egg-info/SOURCES.txt'
running build
running build_py
creating /home/mocolax/ros2_ws/build/martha/build
creating /home/mocolax/ros2_ws/build/martha/build/lib
creating /home/mocolax/ros2_ws/build/martha/build/lib/martha
copying martha/test.py -> /home/mocolax/ros2_ws/build/martha/build/lib/martha
copying martha/__init__.py -> /home/mocolax/ros2_ws/build/martha/build/lib/martha
copying martha/probar.py -> /home/mocolax/ros2_ws/build/martha/build/lib/martha
running install
running install_lib
creating /home/mocolax/ros2_ws/install/martha/lib/python3.10/site-packages/martha
copying /home/mocolax/ros2_ws/build/martha/build/lib/martha/test.py -> /home/mocolax/ros2_ws/install/martha/lib/python3.10/site-packages/martha
copying /home/mocolax/ros2_ws/build/martha/build/lib/martha/__init__.py -> /home/mocolax/ros2_ws/install/martha/lib/python3.10/site-packages/martha
copying /home/mocolax/ros2_ws/build/martha/build/lib/martha/probar.py -> /home/mocolax/ros2_ws/install/martha/lib/python3.10/site-packages/martha
byte-compiling /home/mocolax/ros2_ws/install/martha/lib/python3.10/site-packages/martha/test.py to test.cpython-310.pyc
byte-compiling /home/mocolax/ros2_ws/install/martha/lib/python3.10/site-packages/martha/__init__.py to __init__.cpython-310.pyc
byte-compiling /home/mocolax/ros2_ws/install/martha/lib/python3.10/site-packages/martha/probar.py to probar.cpython-310.pyc
running install_data
creating /home/mocolax/ros2_ws/install/martha/share/ament_index
creating /home/mocolax/ros2_ws/install/martha/share/ament_index/resource_index
creating /home/mocolax/ros2_ws/install/martha/share/ament_index/resource_index/packages
copying resource/martha -> /home/mocolax/ros2_ws/install/martha/share/ament_index/resource_index/packages
copying package.xml -> /home/mocolax/ros2_ws/install/martha/share/martha
running install_egg_info
Copying ../../build/martha/martha.egg-info to /home/mocolax/ros2_ws/install/martha/lib/python3.10/site-packages/martha-0.0.0-py3.10.egg-info
running install_scripts
Installing test.py script to /home/mocolax/ros2_ws/install/martha/lib/martha
writing list of installed files to '/home/mocolax/ros2_ws/build/martha/install.log'
