[1.285s] Invoking command in '/home/mocolax/ros2_ws/src/martha': PYTHONPATH=/home/mocolax/ros2_ws/build/martha/prefix_override:/usr/lib/python3/dist-packages/colcon_core/task/python/colcon_distutils_commands:/home/mocolax/ros2_ws/install/martha/lib/python3.10/site-packages:${PYTHONPATH} /usr/bin/python3 -W ignore:setup.py install is deprecated -W ignore:easy_install command is deprecated setup.py egg_info --egg-base ../../build/martha build --build-base /home/mocolax/ros2_ws/build/martha/build install --record /home/mocolax/ros2_ws/build/martha/install.log --single-version-externally-managed install_data
[1.745s] running egg_info
[1.746s] creating ../../build/martha/martha.egg-info
[1.747s] writing ../../build/martha/martha.egg-info/PKG-INFO
[1.747s] writing dependency_links to ../../build/martha/martha.egg-info/dependency_links.txt
[1.747s] writing entry points to ../../build/martha/martha.egg-info/entry_points.txt
[1.747s] writing requirements to ../../build/martha/martha.egg-info/requires.txt
[1.748s] writing top-level names to ../../build/martha/martha.egg-info/top_level.txt
[1.748s] writing manifest file '../../build/martha/martha.egg-info/SOURCES.txt'
[1.751s] reading manifest file '../../build/martha/martha.egg-info/SOURCES.txt'
[1.752s] writing manifest file '../../build/martha/martha.egg-info/SOURCES.txt'
[1.752s] running build
[1.752s] running build_py
[1.753s] creating /home/mocolax/ros2_ws/build/martha/build
[1.753s] creating /home/mocolax/ros2_ws/build/martha/build/lib
[1.754s] creating /home/mocolax/ros2_ws/build/martha/build/lib/martha
[1.754s] copying martha/test.py -> /home/mocolax/ros2_ws/build/martha/build/lib/martha
[1.754s] copying martha/__init__.py -> /home/mocolax/ros2_ws/build/martha/build/lib/martha
[1.755s] copying martha/probar.py -> /home/mocolax/ros2_ws/build/martha/build/lib/martha
[1.755s] running install
[1.755s] running install_lib
[1.756s] creating /home/mocolax/ros2_ws/install/martha/lib/python3.10/site-packages/martha
[1.757s] copying /home/mocolax/ros2_ws/build/martha/build/lib/martha/test.py -> /home/mocolax/ros2_ws/install/martha/lib/python3.10/site-packages/martha
[1.757s] copying /home/mocolax/ros2_ws/build/martha/build/lib/martha/__init__.py -> /home/mocolax/ros2_ws/install/martha/lib/python3.10/site-packages/martha
[1.757s] copying /home/mocolax/ros2_ws/build/martha/build/lib/martha/probar.py -> /home/mocolax/ros2_ws/install/martha/lib/python3.10/site-packages/martha
[1.758s] byte-compiling /home/mocolax/ros2_ws/install/martha/lib/python3.10/site-packages/martha/test.py to test.cpython-310.pyc
[1.759s] byte-compiling /home/mocolax/ros2_ws/install/martha/lib/python3.10/site-packages/martha/__init__.py to __init__.cpython-310.pyc
[1.759s] byte-compiling /home/mocolax/ros2_ws/install/martha/lib/python3.10/site-packages/martha/probar.py to probar.cpython-310.pyc
[1.759s] running install_data
[1.760s] creating /home/mocolax/ros2_ws/install/martha/share/ament_index
[1.760s] creating /home/mocolax/ros2_ws/install/martha/share/ament_index/resource_index
[1.760s] creating /home/mocolax/ros2_ws/install/martha/share/ament_index/resource_index/packages
[1.760s] copying resource/martha -> /home/mocolax/ros2_ws/install/martha/share/ament_index/resource_index/packages
[1.761s] copying package.xml -> /home/mocolax/ros2_ws/install/martha/share/martha
[1.761s] running install_egg_info
[1.764s] Copying ../../build/martha/martha.egg-info to /home/mocolax/ros2_ws/install/martha/lib/python3.10/site-packages/martha-0.0.0-py3.10.egg-info
[1.765s] running install_scripts
[1.799s] Installing test.py script to /home/mocolax/ros2_ws/install/martha/lib/martha
[1.799s] writing list of installed files to '/home/mocolax/ros2_ws/build/martha/install.log'
[1.851s] Invoked command in '/home/mocolax/ros2_ws/src/martha' returned '0': PYTHONPATH=/home/mocolax/ros2_ws/build/martha/prefix_override:/usr/lib/python3/dist-packages/colcon_core/task/python/colcon_distutils_commands:/home/mocolax/ros2_ws/install/martha/lib/python3.10/site-packages:${PYTHONPATH} /usr/bin/python3 -W ignore:setup.py install is deprecated -W ignore:easy_install command is deprecated setup.py egg_info --egg-base ../../build/martha build --build-base /home/mocolax/ros2_ws/build/martha/build install --record /home/mocolax/ros2_ws/build/martha/install.log --single-version-externally-managed install_data
